<?xml version="1.0" encoding="UTF-8"?>
<!-- Generated by org.testng.reporters.JUnitReportReporter -->
<testsuite hostname="asus" failures="0" tests="1" name="testProject.Wappalyzer" time="15.186" errors="0" timestamp="2023-07-31T11:21:14 IST" skipped="0">
  <testcase classname="testProject.Wappalyzer" name="testing" time="15.186"/>
  <system-out/>
</testsuite> <!-- testProject.Wappalyzer -->
